<?xml version="1.0" encoding="UTF-8"?>
<!-- Generated by org.testng.reporters.JUnitXMLReporter -->
<testsuite ignored="0" hostname="ILAPO-22-1543" failures="1" tests="4" name="LoginAndUserManagementTests" time="56.616" errors="0" timestamp="2025-07-03T10:16:14 IST">
  <testcase classname="AutomationProject.i2vsys.testcases.LoginTests" name="loginData" time="26.371"/>
  <testcase classname="AutomationProject.i2vsys.testcases.LoginTests" name="loginData" time="3.812"/>
  <testcase classname="AutomationProject.i2vsys.testcases.LoginTests" name="loginData" time="4.463">
    <failure type="java.lang.AssertionError" message="Expected failed login but navigated away from /login. Actual URL: http://172.24.0.67:4777/home expected [true] but found [false]">
      <![CDATA[java.lang.AssertionError: Expected failed login but navigated away from /login. Actual URL: http://172.24.0.67:4777/home expected [true] but found [false]
at AutomationProject.i2vsys.testcases.LoginTests.loginData(LoginTests.java:42)
at java.base/java.util.ArrayList.forEach(ArrayList.java:1511)
... Removed 30 stack frames]]>
    </failure>
  </testcase> <!-- loginData -->
  <testcase classname="AutomationProject.i2vsys.testcases.LoginTests" name="loginData" time="14.511"/>
</testsuite> <!-- LoginAndUserManagementTests -->
